<?xml version="1.0" encoding="UTF-8"?>
<testng-results skipped="0" failed="0" ignored="0" total="1" passed="1">
  <reporter-output>
  </reporter-output>
  <suite name="Command line suite" duration-ms="39" started-at="2020-04-15T15:22:10 IST" finished-at="2020-04-15T15:22:10 IST">
    <groups>
    </groups>
    <test name="Command line test" duration-ms="39" started-at="2020-04-15T15:22:10 IST" finished-at="2020-04-15T15:22:10 IST">
      <class name="com.QACompany.app.AppTest">
        <test-method status="PASS" signature="testApp()[pri:0, instance:testApp(com.QACompany.app.AppTest)]" name="testApp" duration-ms="6" started-at="2020-04-15T15:22:10 IST" finished-at="2020-04-15T15:22:10 IST">
          <reporter-output>
          </reporter-output>
        </test-method> <!-- testApp -->
      </class> <!-- com.QACompany.app.AppTest -->
    </test> <!-- Command line test -->
  </suite> <!-- Command line suite -->
</testng-results>
