<?xml version="1.0" encoding="UTF-8"?>
<!-- Generated by org.testng.reporters.JUnitXMLReporter -->
<testsuite hostname="sanjaykv-PC" ignored="0" name="Test" tests="4" failures="0" timestamp="2020-04-15T16:02:20 IST" time="0.146" errors="0">
  <testcase name="BrowserAutomation" time="0.021" classname="com.QACompany.app.SeleniumTest"/>
  <testcase name="UIAutomation" time="0.0" classname="com.QACompany.app.SeleniumTest"/>
  <testcase name="ApiAutomation" time="0.001" classname="com.QACompany.app.RestApiTest"/>
  <testcase name="RestAutomation" time="0.001" classname="com.QACompany.app.RestApiTest"/>
</testsuite> <!-- Test -->
