<?xml version="1.0" encoding="UTF-8"?>
<!-- Generated by org.testng.reporters.JUnitXMLReporter -->
<testsuite hostname="sanjaykv-PC" ignored="0" name="Command line test" tests="6" failures="0" timestamp="2020-04-15T15:22:10 IST" time="1.11" errors="0">
  <testcase name="AppAutomation" time="0.024" classname="com.QACompany.app.AppiumTest"/>
  <testcase name="MobileAutomation" time="0.001" classname="com.QACompany.app.AppiumTest"/>
  <testcase name="ApiAutomation" time="0.0" classname="com.QACompany.app.RestApiTest"/>
  <testcase name="RestAutomation" time="0.003" classname="com.QACompany.app.RestApiTest"/>
  <testcase name="BrowserAutomation" time="0.0" classname="com.QACompany.app.SeleniumTest"/>
  <testcase name="UIAutomation" time="0.0" classname="com.QACompany.app.SeleniumTest"/>
</testsuite> <!-- Command line test -->
